[0.010s] Invoking command in '/home/kiranraj/cartesian_impedance_control_ws/build/franka_cartesian_impedance_controller': CMAKE_PREFIX_PATH=${CMAKE_PREFIX_PATH}:/opt/ros/humble /usr/bin/cmake /home/kiranraj/cartesian_impedance_control_ws/src/franka_cartesian_impedance_controller -DCMAKE_INSTALL_PREFIX=/home/kiranraj/cartesian_impedance_control_ws/install/franka_cartesian_impedance_controller
[0.056s] -- The C compiler identification is GNU 11.4.0
[0.098s] -- The CXX compiler identification is GNU 11.4.0
[0.104s] -- Detecting C compiler ABI info
[0.163s] -- Detecting C compiler ABI info - done
[0.169s] -- Check for working C compiler: /usr/bin/cc - skipped
[0.169s] -- Detecting C compile features
[0.169s] -- Detecting C compile features - done
[0.172s] -- Detecting CXX compiler ABI info
[0.239s] -- Detecting CXX compiler ABI info - done
[0.245s] -- Check for working CXX compiler: /usr/bin/c++ - skipped
[0.245s] -- Detecting CXX compile features
[0.246s] -- Detecting CXX compile features - done
[0.249s] -- Found ament_cmake: 1.3.11 (/opt/ros/humble/share/ament_cmake/cmake)
[0.373s] -- Found Python3: /usr/bin/python3 (found version "3.10.12") found components: Interpreter 
[0.453s] -- Found rclcpp: 16.0.11 (/opt/ros/humble/share/rclcpp/cmake)
[0.507s] -- Found rosidl_generator_c: 3.1.6 (/opt/ros/humble/share/rosidl_generator_c/cmake)
[0.514s] -- Found rosidl_adapter: 3.1.6 (/opt/ros/humble/share/rosidl_adapter/cmake)
[0.523s] -- Found rosidl_generator_cpp: 3.1.6 (/opt/ros/humble/share/rosidl_generator_cpp/cmake)
[0.537s] -- Using all available rosidl_typesupport_c: rosidl_typesupport_fastrtps_c;rosidl_typesupport_introspection_c
[0.555s] -- Using all available rosidl_typesupport_cpp: rosidl_typesupport_fastrtps_cpp;rosidl_typesupport_introspection_cpp
[0.608s] -- Found rmw_implementation_cmake: 6.1.2 (/opt/ros/humble/share/rmw_implementation_cmake/cmake)
[0.612s] -- Found rmw_fastrtps_cpp: 6.2.7 (/opt/ros/humble/share/rmw_fastrtps_cpp/cmake)
[0.694s] -- Found OpenSSL: /usr/lib/x86_64-linux-gnu/libcrypto.so (found version "3.0.2")  
[0.714s] -- Found FastRTPS: /opt/ros/humble/include  
[0.745s] -- Using RMW implementation 'rmw_fastrtps_cpp' as default
[0.753s] -- Looking for pthread.h
[0.809s] -- Looking for pthread.h - found
[0.809s] -- Performing Test CMAKE_HAVE_LIBC_PTHREAD
[0.910s] -- Performing Test CMAKE_HAVE_LIBC_PTHREAD - Success
[0.911s] -- Found Threads: TRUE  
[0.963s] -- Found controller_interface: 2.46.0 (/opt/ros/humble/share/controller_interface/cmake)
[1.093s] -- Found tf2_eigen: 0.25.9 (/opt/ros/humble/share/tf2_eigen/cmake)
[1.164s] [31mCMake Error at CMakeLists.txt:16 (find_package):
[1.164s]   By not providing "Findeigen3.cmake" in CMAKE_MODULE_PATH this project has
[1.164s]   asked CMake to find a package configuration file provided by "eigen3", but
[1.164s]   CMake did not find one.
[1.164s] 
[1.164s]   Could not find a package configuration file provided by "eigen3" with any
[1.164s]   of the following names:
[1.164s] 
[1.164s]     eigen3Config.cmake
[1.164s]     eigen3-config.cmake
[1.164s] 
[1.165s]   Add the installation prefix of "eigen3" to CMAKE_PREFIX_PATH or set
[1.165s]   "eigen3_DIR" to a directory containing one of the above files.  If "eigen3"
[1.165s]   provides a separate development package or SDK, be sure it has been
[1.165s]   installed.
[1.165s] 
[1.165s] [0m
[1.165s] -- Configuring incomplete, errors occurred!
[1.165s] See also "/home/kiranraj/cartesian_impedance_control_ws/build/franka_cartesian_impedance_controller/CMakeFiles/CMakeOutput.log".
[1.172s] Invoked command in '/home/kiranraj/cartesian_impedance_control_ws/build/franka_cartesian_impedance_controller' returned '1': CMAKE_PREFIX_PATH=${CMAKE_PREFIX_PATH}:/opt/ros/humble /usr/bin/cmake /home/kiranraj/cartesian_impedance_control_ws/src/franka_cartesian_impedance_controller -DCMAKE_INSTALL_PREFIX=/home/kiranraj/cartesian_impedance_control_ws/install/franka_cartesian_impedance_controller
