-- Found ament_cmake: 1.3.11 (/opt/ros/humble/share/ament_cmake/cmake)
-- Found rclcpp: 16.0.11 (/opt/ros/humble/share/rclcpp/cmake)
-- Found rosidl_generator_c: 3.1.6 (/opt/ros/humble/share/rosidl_generator_c/cmake)
-- Found rosidl_adapter: 3.1.6 (/opt/ros/humble/share/rosidl_adapter/cmake)
-- Found rosidl_generator_cpp: 3.1.6 (/opt/ros/humble/share/rosidl_generator_cpp/cmake)
-- Using all available rosidl_typesupport_c: rosidl_typesupport_fastrtps_c;rosidl_typesupport_introspection_c
-- Using all available rosidl_typesupport_cpp: rosidl_typesupport_fastrtps_cpp;rosidl_typesupport_introspection_cpp
-- Found rmw_implementation_cmake: 6.1.2 (/opt/ros/humble/share/rmw_implementation_cmake/cmake)
-- Found rmw_fastrtps_cpp: 6.2.7 (/opt/ros/humble/share/rmw_fastrtps_cpp/cmake)
-- Using RMW implementation 'rmw_fastrtps_cpp' as default
-- Found controller_interface: 2.46.0 (/opt/ros/humble/share/controller_interface/cmake)
-- Found tf2_eigen: 0.25.9 (/opt/ros/humble/share/tf2_eigen/cmake)
-- Found ament_lint_auto: 0.12.11 (/opt/ros/humble/share/ament_lint_auto/cmake)
-- Added test 'lint_cmake' to check CMake code style
-- Added test 'xmllint' to check XML markup files
-- Configuring done
-- Generating done
-- Build files have been written to: /home/kiranraj/cartesian_impedance_control_ws/build/franka_cartesian_impedance_controller
-- Install configuration: ""
-- Installing: /home/kiranraj/cartesian_impedance_control_ws/install/franka_cartesian_impedance_controller/share/ament_index/resource_index/package_run_dependencies/franka_cartesian_impedance_controller
-- Installing: /home/kiranraj/cartesian_impedance_control_ws/install/franka_cartesian_impedance_controller/share/ament_index/resource_index/parent_prefix_path/franka_cartesian_impedance_controller
-- Installing: /home/kiranraj/cartesian_impedance_control_ws/install/franka_cartesian_impedance_controller/share/franka_cartesian_impedance_controller/environment/ament_prefix_path.sh
-- Installing: /home/kiranraj/cartesian_impedance_control_ws/install/franka_cartesian_impedance_controller/share/franka_cartesian_impedance_controller/environment/ament_prefix_path.dsv
-- Installing: /home/kiranraj/cartesian_impedance_control_ws/install/franka_cartesian_impedance_controller/share/franka_cartesian_impedance_controller/environment/path.sh
-- Installing: /home/kiranraj/cartesian_impedance_control_ws/install/franka_cartesian_impedance_controller/share/franka_cartesian_impedance_controller/environment/path.dsv
-- Installing: /home/kiranraj/cartesian_impedance_control_ws/install/franka_cartesian_impedance_controller/share/franka_cartesian_impedance_controller/local_setup.bash
-- Installing: /home/kiranraj/cartesian_impedance_control_ws/install/franka_cartesian_impedance_controller/share/franka_cartesian_impedance_controller/local_setup.sh
-- Installing: /home/kiranraj/cartesian_impedance_control_ws/install/franka_cartesian_impedance_controller/share/franka_cartesian_impedance_controller/local_setup.zsh
-- Installing: /home/kiranraj/cartesian_impedance_control_ws/install/franka_cartesian_impedance_controller/share/franka_cartesian_impedance_controller/local_setup.dsv
-- Installing: /home/kiranraj/cartesian_impedance_control_ws/install/franka_cartesian_impedance_controller/share/franka_cartesian_impedance_controller/package.dsv
-- Installing: /home/kiranraj/cartesian_impedance_control_ws/install/franka_cartesian_impedance_controller/share/ament_index/resource_index/packages/franka_cartesian_impedance_controller
-- Installing: /home/kiranraj/cartesian_impedance_control_ws/install/franka_cartesian_impedance_controller/share/franka_cartesian_impedance_controller/cmake/franka_cartesian_impedance_controllerConfig.cmake
-- Installing: /home/kiranraj/cartesian_impedance_control_ws/install/franka_cartesian_impedance_controller/share/franka_cartesian_impedance_controller/cmake/franka_cartesian_impedance_controllerConfig-version.cmake
-- Installing: /home/kiranraj/cartesian_impedance_control_ws/install/franka_cartesian_impedance_controller/share/franka_cartesian_impedance_controller/package.xml
