[0.009s] Invoking command in '/home/kiranraj/cartesian_impedance_control_ws/build/franka_cartesian_impedance_controller': CMAKE_PREFIX_PATH=${CMAKE_PREFIX_PATH}:/opt/ros/humble /usr/bin/cmake /home/kiranraj/cartesian_impedance_control_ws/src/franka_cartesian_impedance_controller -DCMAKE_INSTALL_PREFIX=/home/kiranraj/cartesian_impedance_control_ws/install/franka_cartesian_impedance_controller
[0.020s] -- Found ament_cmake: 1.3.11 (/opt/ros/humble/share/ament_cmake/cmake)
[0.113s] -- Found rclcpp: 16.0.11 (/opt/ros/humble/share/rclcpp/cmake)
[0.131s] -- Found rosidl_generator_c: 3.1.6 (/opt/ros/humble/share/rosidl_generator_c/cmake)
[0.132s] -- Found rosidl_adapter: 3.1.6 (/opt/ros/humble/share/rosidl_adapter/cmake)
[0.135s] -- Found rosidl_generator_cpp: 3.1.6 (/opt/ros/humble/share/rosidl_generator_cpp/cmake)
[0.141s] -- Using all available rosidl_typesupport_c: rosidl_typesupport_fastrtps_c;rosidl_typesupport_introspection_c
[0.149s] -- Using all available rosidl_typesupport_cpp: rosidl_typesupport_fastrtps_cpp;rosidl_typesupport_introspection_cpp
[0.167s] -- Found rmw_implementation_cmake: 6.1.2 (/opt/ros/humble/share/rmw_implementation_cmake/cmake)
[0.168s] -- Found rmw_fastrtps_cpp: 6.2.7 (/opt/ros/humble/share/rmw_fastrtps_cpp/cmake)
[0.236s] -- Using RMW implementation 'rmw_fastrtps_cpp' as default
[0.264s] -- Found controller_interface: 2.46.0 (/opt/ros/humble/share/controller_interface/cmake)
[0.343s] -- Found tf2_eigen: 0.25.9 (/opt/ros/humble/share/tf2_eigen/cmake)
[0.380s] -- Found ament_lint_auto: 0.12.11 (/opt/ros/humble/share/ament_lint_auto/cmake)
[0.439s] -- Added test 'lint_cmake' to check CMake code style
[0.440s] -- Added test 'xmllint' to check XML markup files
[0.441s] -- Configuring done
[0.443s] -- Generating done
[0.445s] -- Build files have been written to: /home/kiranraj/cartesian_impedance_control_ws/build/franka_cartesian_impedance_controller
[0.450s] Invoked command in '/home/kiranraj/cartesian_impedance_control_ws/build/franka_cartesian_impedance_controller' returned '0': CMAKE_PREFIX_PATH=${CMAKE_PREFIX_PATH}:/opt/ros/humble /usr/bin/cmake /home/kiranraj/cartesian_impedance_control_ws/src/franka_cartesian_impedance_controller -DCMAKE_INSTALL_PREFIX=/home/kiranraj/cartesian_impedance_control_ws/install/franka_cartesian_impedance_controller
[0.451s] Invoking command in '/home/kiranraj/cartesian_impedance_control_ws/build/franka_cartesian_impedance_controller': CMAKE_PREFIX_PATH=${CMAKE_PREFIX_PATH}:/opt/ros/humble /usr/bin/cmake --build /home/kiranraj/cartesian_impedance_control_ws/build/franka_cartesian_impedance_controller -- -j16 -l16
[0.488s] Invoked command in '/home/kiranraj/cartesian_impedance_control_ws/build/franka_cartesian_impedance_controller' returned '0': CMAKE_PREFIX_PATH=${CMAKE_PREFIX_PATH}:/opt/ros/humble /usr/bin/cmake --build /home/kiranraj/cartesian_impedance_control_ws/build/franka_cartesian_impedance_controller -- -j16 -l16
[0.489s] Invoking command in '/home/kiranraj/cartesian_impedance_control_ws/build/franka_cartesian_impedance_controller': CMAKE_PREFIX_PATH=${CMAKE_PREFIX_PATH}:/opt/ros/humble /usr/bin/cmake --install /home/kiranraj/cartesian_impedance_control_ws/build/franka_cartesian_impedance_controller
[0.498s] -- Install configuration: ""
[0.499s] -- Installing: /home/kiranraj/cartesian_impedance_control_ws/install/franka_cartesian_impedance_controller/share/ament_index/resource_index/package_run_dependencies/franka_cartesian_impedance_controller
[0.499s] -- Installing: /home/kiranraj/cartesian_impedance_control_ws/install/franka_cartesian_impedance_controller/share/ament_index/resource_index/parent_prefix_path/franka_cartesian_impedance_controller
[0.499s] -- Installing: /home/kiranraj/cartesian_impedance_control_ws/install/franka_cartesian_impedance_controller/share/franka_cartesian_impedance_controller/environment/ament_prefix_path.sh
[0.499s] -- Installing: /home/kiranraj/cartesian_impedance_control_ws/install/franka_cartesian_impedance_controller/share/franka_cartesian_impedance_controller/environment/ament_prefix_path.dsv
[0.499s] -- Installing: /home/kiranraj/cartesian_impedance_control_ws/install/franka_cartesian_impedance_controller/share/franka_cartesian_impedance_controller/environment/path.sh
[0.499s] -- Installing: /home/kiranraj/cartesian_impedance_control_ws/install/franka_cartesian_impedance_controller/share/franka_cartesian_impedance_controller/environment/path.dsv
[0.499s] -- Installing: /home/kiranraj/cartesian_impedance_control_ws/install/franka_cartesian_impedance_controller/share/franka_cartesian_impedance_controller/local_setup.bash
[0.499s] -- Installing: /home/kiranraj/cartesian_impedance_control_ws/install/franka_cartesian_impedance_controller/share/franka_cartesian_impedance_controller/local_setup.sh
[0.499s] -- Installing: /home/kiranraj/cartesian_impedance_control_ws/install/franka_cartesian_impedance_controller/share/franka_cartesian_impedance_controller/local_setup.zsh
[0.500s] -- Installing: /home/kiranraj/cartesian_impedance_control_ws/install/franka_cartesian_impedance_controller/share/franka_cartesian_impedance_controller/local_setup.dsv
[0.500s] -- Installing: /home/kiranraj/cartesian_impedance_control_ws/install/franka_cartesian_impedance_controller/share/franka_cartesian_impedance_controller/package.dsv
[0.500s] -- Installing: /home/kiranraj/cartesian_impedance_control_ws/install/franka_cartesian_impedance_controller/share/ament_index/resource_index/packages/franka_cartesian_impedance_controller
[0.500s] -- Installing: /home/kiranraj/cartesian_impedance_control_ws/install/franka_cartesian_impedance_controller/share/franka_cartesian_impedance_controller/cmake/franka_cartesian_impedance_controllerConfig.cmake
[0.500s] -- Installing: /home/kiranraj/cartesian_impedance_control_ws/install/franka_cartesian_impedance_controller/share/franka_cartesian_impedance_controller/cmake/franka_cartesian_impedance_controllerConfig-version.cmake
[0.500s] -- Installing: /home/kiranraj/cartesian_impedance_control_ws/install/franka_cartesian_impedance_controller/share/franka_cartesian_impedance_controller/package.xml
[0.501s] Invoked command in '/home/kiranraj/cartesian_impedance_control_ws/build/franka_cartesian_impedance_controller' returned '0': CMAKE_PREFIX_PATH=${CMAKE_PREFIX_PATH}:/opt/ros/humble /usr/bin/cmake --install /home/kiranraj/cartesian_impedance_control_ws/build/franka_cartesian_impedance_controller
