-- The C compiler identification is GNU 11.4.0
-- The CXX compiler identification is GNU 11.4.0
-- Detecting C compiler ABI info
-- Detecting C compiler ABI info - done
-- Check for working C compiler: /usr/bin/cc - skipped
-- Detecting C compile features
-- Detecting C compile features - done
-- Detecting CXX compiler ABI info
-- Detecting CXX compiler ABI info - done
-- Check for working CXX compiler: /usr/bin/c++ - skipped
-- Detecting CXX compile features
-- Detecting CXX compile features - done
-- Found ament_cmake: 1.3.11 (/opt/ros/humble/share/ament_cmake/cmake)
-- Found Python3: /usr/bin/python3 (found version "3.10.12") found components: Interpreter 
-- Found ament_index_cpp: 1.4.0 (/opt/ros/humble/share/ament_index_cpp/cmake)
-- Found controller_manager: 2.46.0 (/opt/ros/humble/share/controller_manager/cmake)
-- Found rosidl_generator_c: 3.1.6 (/opt/ros/humble/share/rosidl_generator_c/cmake)
-- Found rosidl_adapter: 3.1.6 (/opt/ros/humble/share/rosidl_adapter/cmake)
-- Found rosidl_generator_cpp: 3.1.6 (/opt/ros/humble/share/rosidl_generator_cpp/cmake)
-- Using all available rosidl_typesupport_c: rosidl_typesupport_fastrtps_c;rosidl_typesupport_introspection_c
-- Using all available rosidl_typesupport_cpp: rosidl_typesupport_fastrtps_cpp;rosidl_typesupport_introspection_cpp
-- Found rmw_implementation_cmake: 6.1.2 (/opt/ros/humble/share/rmw_implementation_cmake/cmake)
-- Found rmw_fastrtps_cpp: 6.2.7 (/opt/ros/humble/share/rmw_fastrtps_cpp/cmake)
-- Found TinyXML2 via Config file: TinyXML2_DIR-NOTFOUND
-- Found OpenSSL: /usr/lib/x86_64-linux-gnu/libcrypto.so (found version "3.0.2")  
-- Found TinyXML2 via Config file: TinyXML2_DIR-NOTFOUND
-- Found FastRTPS: /opt/ros/humble/include  
-- Found TinyXML2 via Config file: TinyXML2_DIR-NOTFOUND
-- Found TinyXML2 via Config file: TinyXML2_DIR-NOTFOUND
-- Using RMW implementation 'rmw_fastrtps_cpp' as default
-- Looking for pthread.h
-- Looking for pthread.h - found
-- Performing Test CMAKE_HAVE_LIBC_PTHREAD
-- Performing Test CMAKE_HAVE_LIBC_PTHREAD - Success
-- Found Threads: TRUE  
-- Found yaml_cpp_vendor: 8.0.2 (/opt/ros/humble/share/yaml_cpp_vendor/cmake)
-- Configuring incomplete, errors occurred!
See also "/home/kiranraj/cartesian_impedance_control_ws/build/franka_ign_ros2_control/CMakeFiles/CMakeOutput.log".
[31mCMake Error at CMakeLists.txt:26 (find_package):
  By not providing "Findfranka_hardware.cmake" in CMAKE_MODULE_PATH this
  project has asked CMake to find a package configuration file provided by
  "franka_hardware", but CMake did not find one.

  Could not find a package configuration file provided by "franka_hardware"
  with any of the following names:

    franka_hardwareConfig.cmake
    franka_hardware-config.cmake

  Add the installation prefix of "franka_hardware" to CMAKE_PREFIX_PATH or
  set "franka_hardware_DIR" to a directory containing one of the above files.
  If "franka_hardware" provides a separate development package or SDK, be
  sure it has been installed.

[0m
