[0.009s] Invoking command in '/home/kiranraj/cartesian_impedance_control_ws/build/franka_description': CMAKE_PREFIX_PATH=${CMAKE_PREFIX_PATH}:/opt/ros/humble /usr/bin/cmake /home/kiranraj/cartesian_impedance_control_ws/src/franka_description -DCMAKE_INSTALL_PREFIX=/home/kiranraj/cartesian_impedance_control_ws/install/franka_description
[0.052s] -- The C compiler identification is GNU 11.4.0
[0.094s] -- The CXX compiler identification is GNU 11.4.0
[0.100s] -- Detecting C compiler ABI info
[0.159s] -- Detecting C compiler ABI info - done
[0.164s] -- Check for working C compiler: /usr/bin/cc - skipped
[0.164s] -- Detecting C compile features
[0.165s] -- Detecting C compile features - done
[0.167s] -- Detecting CXX compiler ABI info
[0.235s] -- Detecting CXX compiler ABI info - done
[0.241s] -- Check for working CXX compiler: /usr/bin/c++ - skipped
[0.241s] -- Detecting CXX compile features
[0.241s] -- Detecting CXX compile features - done
[0.244s] -- Found ament_cmake: 1.3.11 (/opt/ros/humble/share/ament_cmake/cmake)
[0.369s] -- Found Python3: /usr/bin/python3 (found version "3.10.12") found components: Interpreter 
[0.449s] -- Found xacro: 2.0.8 (/opt/ros/humble/share/xacro/cmake)
[0.450s] -- Found ament_lint_auto: 0.12.11 (/opt/ros/humble/share/ament_lint_auto/cmake)
[0.521s] -- Added test 'flake8' to check Python code syntax and style conventions
[0.522s] -- Added test 'lint_cmake' to check CMake code style
[0.523s] -- Added test 'pep257' to check Python code against some of the docstring style conventions in PEP 257
[0.527s] -- Added test 'xmllint' to check XML markup files
[0.528s] -- Configuring done
[0.530s] -- Generating done
[0.531s] -- Build files have been written to: /home/kiranraj/cartesian_impedance_control_ws/build/franka_description
[0.536s] Invoked command in '/home/kiranraj/cartesian_impedance_control_ws/build/franka_description' returned '0': CMAKE_PREFIX_PATH=${CMAKE_PREFIX_PATH}:/opt/ros/humble /usr/bin/cmake /home/kiranraj/cartesian_impedance_control_ws/src/franka_description -DCMAKE_INSTALL_PREFIX=/home/kiranraj/cartesian_impedance_control_ws/install/franka_description
[0.536s] Invoking command in '/home/kiranraj/cartesian_impedance_control_ws/build/franka_description': CMAKE_PREFIX_PATH=${CMAKE_PREFIX_PATH}:/opt/ros/humble /usr/bin/cmake --build /home/kiranraj/cartesian_impedance_control_ws/build/franka_description -- -j16 -l16
[0.568s] Invoked command in '/home/kiranraj/cartesian_impedance_control_ws/build/franka_description' returned '0': CMAKE_PREFIX_PATH=${CMAKE_PREFIX_PATH}:/opt/ros/humble /usr/bin/cmake --build /home/kiranraj/cartesian_impedance_control_ws/build/franka_description -- -j16 -l16
[0.575s] Invoking command in '/home/kiranraj/cartesian_impedance_control_ws/build/franka_description': CMAKE_PREFIX_PATH=${CMAKE_PREFIX_PATH}:/opt/ros/humble /usr/bin/cmake --install /home/kiranraj/cartesian_impedance_control_ws/build/franka_description
[0.581s] -- Install configuration: ""
[0.581s] -- Installing: /home/kiranraj/cartesian_impedance_control_ws/install/franka_description/share/franka_description//launch
[0.581s] -- Installing: /home/kiranraj/cartesian_impedance_control_ws/install/franka_description/share/franka_description//launch/rviz.launch.py
[0.581s] -- Installing: /home/kiranraj/cartesian_impedance_control_ws/install/franka_description/share/franka_description//robots
[0.582s] -- Installing: /home/kiranraj/cartesian_impedance_control_ws/install/franka_description/share/franka_description//robots/fr3
[0.582s] -- Installing: /home/kiranraj/cartesian_impedance_control_ws/install/franka_description/share/franka_description//robots/fr3/inertials.yaml
[0.582s] -- Installing: /home/kiranraj/cartesian_impedance_control_ws/install/franka_description/share/franka_description//robots/fr3/fr3.urdf.xacro
[0.582s] -- Installing: /home/kiranraj/cartesian_impedance_control_ws/install/franka_description/share/franka_description//robots/fr3/joint_limits.yaml
[0.582s] -- Installing: /home/kiranraj/cartesian_impedance_control_ws/install/franka_description/share/franka_description//robots/fr3/kinematics.yaml
[0.582s] -- Installing: /home/kiranraj/cartesian_impedance_control_ws/install/franka_description/share/franka_description//robots/fr3/dynamics.yaml
[0.582s] -- Installing: /home/kiranraj/cartesian_impedance_control_ws/install/franka_description/share/franka_description//robots/fer
[0.582s] -- Installing: /home/kiranraj/cartesian_impedance_control_ws/install/franka_description/share/franka_description//robots/fer/inertials.yaml
[0.582s] -- Installing: /home/kiranraj/cartesian_impedance_control_ws/install/franka_description/share/franka_description//robots/fer/fer.urdf.xacro
[0.582s] -- Installing: /home/kiranraj/cartesian_impedance_control_ws/install/franka_description/share/franka_description//robots/fer/joint_limits.yaml
[0.582s] -- Installing: /home/kiranraj/cartesian_impedance_control_ws/install/franka_description/share/franka_description//robots/fer/kinematics.yaml
[0.582s] -- Installing: /home/kiranraj/cartesian_impedance_control_ws/install/franka_description/share/franka_description//robots/fer/dynamics.yaml
[0.582s] -- Installing: /home/kiranraj/cartesian_impedance_control_ws/install/franka_description/share/franka_description//robots/fp3
[0.582s] -- Installing: /home/kiranraj/cartesian_impedance_control_ws/install/franka_description/share/franka_description//robots/fp3/inertials.yaml
[0.582s] -- Installing: /home/kiranraj/cartesian_impedance_control_ws/install/franka_description/share/franka_description//robots/fp3/joint_limits.yaml
[0.582s] -- Installing: /home/kiranraj/cartesian_impedance_control_ws/install/franka_description/share/franka_description//robots/fp3/kinematics.yaml
[0.582s] -- Installing: /home/kiranraj/cartesian_impedance_control_ws/install/franka_description/share/franka_description//robots/fp3/fp3.urdf.xacro
[0.582s] -- Installing: /home/kiranraj/cartesian_impedance_control_ws/install/franka_description/share/franka_description//robots/fp3/dynamics.yaml
[0.582s] -- Installing: /home/kiranraj/cartesian_impedance_control_ws/install/franka_description/share/franka_description//robots/common
[0.582s] -- Installing: /home/kiranraj/cartesian_impedance_control_ws/install/franka_description/share/franka_description//robots/common/utils.xacro
[0.582s] -- Installing: /home/kiranraj/cartesian_impedance_control_ws/install/franka_description/share/franka_description//robots/common/franka_arm.ros2_control.xacro
[0.583s] -- Installing: /home/kiranraj/cartesian_impedance_control_ws/install/franka_description/share/franka_description//robots/common/franka_arm.xacro
[0.583s] -- Installing: /home/kiranraj/cartesian_impedance_control_ws/install/franka_description/share/franka_description//robots/common/franka_robot.xacro
[0.583s] -- Installing: /home/kiranraj/cartesian_impedance_control_ws/install/franka_description/share/franka_description//robots/multi_arm
[0.583s] -- Installing: /home/kiranraj/cartesian_impedance_control_ws/install/franka_description/share/franka_description//robots/multi_arm/multi_arm.urdf.xacro
[0.583s] -- Installing: /home/kiranraj/cartesian_impedance_control_ws/install/franka_description/share/franka_description//end_effectors
[0.583s] -- Installing: /home/kiranraj/cartesian_impedance_control_ws/install/franka_description/share/franka_description//end_effectors/franka_hand
[0.583s] -- Installing: /home/kiranraj/cartesian_impedance_control_ws/install/franka_description/share/franka_description//end_effectors/franka_hand/inertials.yaml
[0.583s] -- Installing: /home/kiranraj/cartesian_impedance_control_ws/install/franka_description/share/franka_description//end_effectors/franka_hand/franka_hand_arguments.xacro
[0.583s] -- Installing: /home/kiranraj/cartesian_impedance_control_ws/install/franka_description/share/franka_description//end_effectors/franka_hand/franka_hand.urdf.xacro
[0.583s] -- Installing: /home/kiranraj/cartesian_impedance_control_ws/install/franka_description/share/franka_description//end_effectors/common
[0.583s] -- Installing: /home/kiranraj/cartesian_impedance_control_ws/install/franka_description/share/franka_description//end_effectors/common/utils.xacro
[0.583s] -- Installing: /home/kiranraj/cartesian_impedance_control_ws/install/franka_description/share/franka_description//end_effectors/common/ee_with_one_link.xacro
[0.583s] -- Installing: /home/kiranraj/cartesian_impedance_control_ws/install/franka_description/share/franka_description//end_effectors/common/franka_hand.xacro
[0.583s] -- Installing: /home/kiranraj/cartesian_impedance_control_ws/install/franka_description/share/franka_description//end_effectors/cobot_pump
[0.583s] -- Installing: /home/kiranraj/cartesian_impedance_control_ws/install/franka_description/share/franka_description//end_effectors/cobot_pump/inertials.yaml
[0.583s] -- Installing: /home/kiranraj/cartesian_impedance_control_ws/install/franka_description/share/franka_description//end_effectors/cobot_pump/cobot_pump.urdf.xacro
[0.583s] -- Installing: /home/kiranraj/cartesian_impedance_control_ws/install/franka_description/share/franka_description//end_effectors/cobot_pump/cobot_pump_arguments.xacro
[0.583s] -- Installing: /home/kiranraj/cartesian_impedance_control_ws/install/franka_description/share/franka_description//meshes
[0.583s] -- Installing: /home/kiranraj/cartesian_impedance_control_ws/install/franka_description/share/franka_description//meshes/robot_ee
[0.583s] -- Installing: /home/kiranraj/cartesian_impedance_control_ws/install/franka_description/share/franka_description//meshes/robot_ee/franka_hand_black
[0.583s] -- Installing: /home/kiranraj/cartesian_impedance_control_ws/install/franka_description/share/franka_description//meshes/robot_ee/franka_hand_black/collision
[0.583s] -- Installing: /home/kiranraj/cartesian_impedance_control_ws/install/franka_description/share/franka_description//meshes/robot_ee/franka_hand_black/collision/hand.stl
[0.584s] -- Installing: /home/kiranraj/cartesian_impedance_control_ws/install/franka_description/share/franka_description//meshes/robot_ee/franka_hand_black/visual
[0.584s] -- Installing: /home/kiranraj/cartesian_impedance_control_ws/install/franka_description/share/franka_description//meshes/robot_ee/franka_hand_black/visual/finger.dae
[0.584s] -- Installing: /home/kiranraj/cartesian_impedance_control_ws/install/franka_description/share/franka_description//meshes/robot_ee/franka_hand_black/visual/hand.dae
[0.584s] -- Installing: /home/kiranraj/cartesian_impedance_control_ws/install/franka_description/share/franka_description//meshes/robot_ee/cobot_pump
[0.584s] -- Installing: /home/kiranraj/cartesian_impedance_control_ws/install/franka_description/share/franka_description//meshes/robot_ee/cobot_pump/collision
[0.584s] -- Installing: /home/kiranraj/cartesian_impedance_control_ws/install/franka_description/share/franka_description//meshes/robot_ee/cobot_pump/collision/cobot_pump.stl
[0.588s] -- Installing: /home/kiranraj/cartesian_impedance_control_ws/install/franka_description/share/franka_description//meshes/robot_ee/cobot_pump/visual
[0.588s] -- Installing: /home/kiranraj/cartesian_impedance_control_ws/install/franka_description/share/franka_description//meshes/robot_ee/cobot_pump/visual/cobot_pump.dae
[0.595s] -- Installing: /home/kiranraj/cartesian_impedance_control_ws/install/franka_description/share/franka_description//meshes/robot_ee/franka_hand_white
[0.595s] -- Installing: /home/kiranraj/cartesian_impedance_control_ws/install/franka_description/share/franka_description//meshes/robot_ee/franka_hand_white/collision
[0.595s] -- Installing: /home/kiranraj/cartesian_impedance_control_ws/install/franka_description/share/franka_description//meshes/robot_ee/franka_hand_white/collision/hand.stl
[0.595s] -- Installing: /home/kiranraj/cartesian_impedance_control_ws/install/franka_description/share/franka_description//meshes/robot_ee/franka_hand_white/visual
[0.595s] -- Installing: /home/kiranraj/cartesian_impedance_control_ws/install/franka_description/share/franka_description//meshes/robot_ee/franka_hand_white/visual/finger.dae
[0.595s] -- Installing: /home/kiranraj/cartesian_impedance_control_ws/install/franka_description/share/franka_description//meshes/robot_ee/franka_hand_white/visual/hand.dae
[0.595s] -- Installing: /home/kiranraj/cartesian_impedance_control_ws/install/franka_description/share/franka_description//meshes/robot_arms
[0.595s] -- Installing: /home/kiranraj/cartesian_impedance_control_ws/install/franka_description/share/franka_description//meshes/robot_arms/fr3
[0.595s] -- Installing: /home/kiranraj/cartesian_impedance_control_ws/install/franka_description/share/franka_description//meshes/robot_arms/fr3/collision
[0.595s] -- Installing: /home/kiranraj/cartesian_impedance_control_ws/install/franka_description/share/franka_description//meshes/robot_arms/fr3/collision/link5.stl
[0.595s] -- Installing: /home/kiranraj/cartesian_impedance_control_ws/install/franka_description/share/franka_description//meshes/robot_arms/fr3/collision/link1.stl
[0.595s] -- Installing: /home/kiranraj/cartesian_impedance_control_ws/install/franka_description/share/franka_description//meshes/robot_arms/fr3/collision/link6.stl
[0.596s] -- Installing: /home/kiranraj/cartesian_impedance_control_ws/install/franka_description/share/franka_description//meshes/robot_arms/fr3/collision/link0.stl
[0.596s] -- Installing: /home/kiranraj/cartesian_impedance_control_ws/install/franka_description/share/franka_description//meshes/robot_arms/fr3/collision/link2.stl
[0.596s] -- Installing: /home/kiranraj/cartesian_impedance_control_ws/install/franka_description/share/franka_description//meshes/robot_arms/fr3/collision/link3.stl
[0.596s] -- Installing: /home/kiranraj/cartesian_impedance_control_ws/install/franka_description/share/franka_description//meshes/robot_arms/fr3/collision/link7.stl
[0.596s] -- Installing: /home/kiranraj/cartesian_impedance_control_ws/install/franka_description/share/franka_description//meshes/robot_arms/fr3/collision/link4.stl
[0.596s] -- Installing: /home/kiranraj/cartesian_impedance_control_ws/install/franka_description/share/franka_description//meshes/robot_arms/fr3/visual
[0.596s] -- Installing: /home/kiranraj/cartesian_impedance_control_ws/install/franka_description/share/franka_description//meshes/robot_arms/fr3/visual/link1.dae
[0.597s] -- Installing: /home/kiranraj/cartesian_impedance_control_ws/install/franka_description/share/franka_description//meshes/robot_arms/fr3/visual/link7.dae
[0.600s] -- Installing: /home/kiranraj/cartesian_impedance_control_ws/install/franka_description/share/franka_description//meshes/robot_arms/fr3/visual/link3.dae
[0.601s] -- Installing: /home/kiranraj/cartesian_impedance_control_ws/install/franka_description/share/franka_description//meshes/robot_arms/fr3/visual/link0.dae
[0.606s] -- Installing: /home/kiranraj/cartesian_impedance_control_ws/install/franka_description/share/franka_description//meshes/robot_arms/fr3/visual/link2.dae
[0.607s] -- Installing: /home/kiranraj/cartesian_impedance_control_ws/install/franka_description/share/franka_description//meshes/robot_arms/fr3/visual/link6.dae
[0.611s] -- Installing: /home/kiranraj/cartesian_impedance_control_ws/install/franka_description/share/franka_description//meshes/robot_arms/fr3/visual/link5.dae
[0.613s] -- Installing: /home/kiranraj/cartesian_impedance_control_ws/install/franka_description/share/franka_description//meshes/robot_arms/fr3/visual/link4.dae
[0.614s] -- Installing: /home/kiranraj/cartesian_impedance_control_ws/install/franka_description/share/franka_description//meshes/robot_arms/fer
[0.614s] -- Installing: /home/kiranraj/cartesian_impedance_control_ws/install/franka_description/share/franka_description//meshes/robot_arms/fer/collision
[0.615s] -- Installing: /home/kiranraj/cartesian_impedance_control_ws/install/franka_description/share/franka_description//meshes/robot_arms/fer/collision/hand.stl
[0.615s] -- Installing: /home/kiranraj/cartesian_impedance_control_ws/install/franka_description/share/franka_description//meshes/robot_arms/fer/collision/link5.stl
[0.615s] -- Installing: /home/kiranraj/cartesian_impedance_control_ws/install/franka_description/share/franka_description//meshes/robot_arms/fer/collision/link1.stl
[0.615s] -- Installing: /home/kiranraj/cartesian_impedance_control_ws/install/franka_description/share/franka_description//meshes/robot_arms/fer/collision/link6.stl
[0.615s] -- Installing: /home/kiranraj/cartesian_impedance_control_ws/install/franka_description/share/franka_description//meshes/robot_arms/fer/collision/link0.stl
[0.615s] -- Installing: /home/kiranraj/cartesian_impedance_control_ws/install/franka_description/share/franka_description//meshes/robot_arms/fer/collision/link2.stl
[0.615s] -- Installing: /home/kiranraj/cartesian_impedance_control_ws/install/franka_description/share/franka_description//meshes/robot_arms/fer/collision/link3.stl
[0.615s] -- Installing: /home/kiranraj/cartesian_impedance_control_ws/install/franka_description/share/franka_description//meshes/robot_arms/fer/collision/link7.stl
[0.615s] -- Installing: /home/kiranraj/cartesian_impedance_control_ws/install/franka_description/share/franka_description//meshes/robot_arms/fer/collision/link4.stl
[0.615s] -- Installing: /home/kiranraj/cartesian_impedance_control_ws/install/franka_description/share/franka_description//meshes/robot_arms/fer/visual
[0.615s] -- Installing: /home/kiranraj/cartesian_impedance_control_ws/install/franka_description/share/franka_description//meshes/robot_arms/fer/visual/link1.dae
[0.616s] -- Installing: /home/kiranraj/cartesian_impedance_control_ws/install/franka_description/share/franka_description//meshes/robot_arms/fer/visual/link7.dae
[0.616s] -- Installing: /home/kiranraj/cartesian_impedance_control_ws/install/franka_description/share/franka_description//meshes/robot_arms/fer/visual/link3.dae
[0.617s] -- Installing: /home/kiranraj/cartesian_impedance_control_ws/install/franka_description/share/franka_description//meshes/robot_arms/fer/visual/link0.dae
[0.618s] -- Installing: /home/kiranraj/cartesian_impedance_control_ws/install/franka_description/share/franka_description//meshes/robot_arms/fer/visual/finger.dae
[0.618s] -- Installing: /home/kiranraj/cartesian_impedance_control_ws/install/franka_description/share/franka_description//meshes/robot_arms/fer/visual/link2.dae
[0.619s] -- Installing: /home/kiranraj/cartesian_impedance_control_ws/install/franka_description/share/franka_description//meshes/robot_arms/fer/visual/link6.dae
[0.620s] -- Installing: /home/kiranraj/cartesian_impedance_control_ws/install/franka_description/share/franka_description//meshes/robot_arms/fer/visual/hand.dae
[0.621s] -- Installing: /home/kiranraj/cartesian_impedance_control_ws/install/franka_description/share/franka_description//meshes/robot_arms/fer/visual/link5.dae
[0.622s] -- Installing: /home/kiranraj/cartesian_impedance_control_ws/install/franka_description/share/franka_description//meshes/robot_arms/fer/visual/link4.dae
[0.623s] -- Installing: /home/kiranraj/cartesian_impedance_control_ws/install/franka_description/share/franka_description//meshes/robot_arms/fp3
[0.623s] -- Installing: /home/kiranraj/cartesian_impedance_control_ws/install/franka_description/share/franka_description//meshes/robot_arms/fp3/collision
[0.623s] -- Installing: /home/kiranraj/cartesian_impedance_control_ws/install/franka_description/share/franka_description//meshes/robot_arms/fp3/collision/link5.stl
[0.623s] -- Installing: /home/kiranraj/cartesian_impedance_control_ws/install/franka_description/share/franka_description//meshes/robot_arms/fp3/collision/link1.stl
[0.623s] -- Installing: /home/kiranraj/cartesian_impedance_control_ws/install/franka_description/share/franka_description//meshes/robot_arms/fp3/collision/link6.stl
[0.623s] -- Installing: /home/kiranraj/cartesian_impedance_control_ws/install/franka_description/share/franka_description//meshes/robot_arms/fp3/collision/link0.stl
[0.623s] -- Installing: /home/kiranraj/cartesian_impedance_control_ws/install/franka_description/share/franka_description//meshes/robot_arms/fp3/collision/link2.stl
[0.623s] -- Installing: /home/kiranraj/cartesian_impedance_control_ws/install/franka_description/share/franka_description//meshes/robot_arms/fp3/collision/link3.stl
[0.623s] -- Installing: /home/kiranraj/cartesian_impedance_control_ws/install/franka_description/share/franka_description//meshes/robot_arms/fp3/collision/link7.stl
[0.623s] -- Installing: /home/kiranraj/cartesian_impedance_control_ws/install/franka_description/share/franka_description//meshes/robot_arms/fp3/collision/link4.stl
[0.623s] -- Installing: /home/kiranraj/cartesian_impedance_control_ws/install/franka_description/share/franka_description//meshes/robot_arms/fp3/visual
[0.623s] -- Installing: /home/kiranraj/cartesian_impedance_control_ws/install/franka_description/share/franka_description//meshes/robot_arms/fp3/visual/link1.dae
[0.624s] -- Installing: /home/kiranraj/cartesian_impedance_control_ws/install/franka_description/share/franka_description//meshes/robot_arms/fp3/visual/link7.dae
[0.627s] -- Installing: /home/kiranraj/cartesian_impedance_control_ws/install/franka_description/share/franka_description//meshes/robot_arms/fp3/visual/link3.dae
[0.629s] -- Installing: /home/kiranraj/cartesian_impedance_control_ws/install/franka_description/share/franka_description//meshes/robot_arms/fp3/visual/link0.dae
[0.634s] -- Installing: /home/kiranraj/cartesian_impedance_control_ws/install/franka_description/share/franka_description//meshes/robot_arms/fp3/visual/link2.dae
[0.634s] -- Installing: /home/kiranraj/cartesian_impedance_control_ws/install/franka_description/share/franka_description//meshes/robot_arms/fp3/visual/link6.dae
[0.638s] -- Installing: /home/kiranraj/cartesian_impedance_control_ws/install/franka_description/share/franka_description//meshes/robot_arms/fp3/visual/link5.dae
[0.640s] -- Installing: /home/kiranraj/cartesian_impedance_control_ws/install/franka_description/share/franka_description//meshes/robot_arms/fp3/visual/link4.dae
[0.641s] -- Installing: /home/kiranraj/cartesian_impedance_control_ws/install/franka_description/share/ament_index/resource_index/package_run_dependencies/franka_description
[0.642s] -- Installing: /home/kiranraj/cartesian_impedance_control_ws/install/franka_description/share/ament_index/resource_index/parent_prefix_path/franka_description
[0.642s] -- Installing: /home/kiranraj/cartesian_impedance_control_ws/install/franka_description/share/franka_description/environment/ament_prefix_path.sh
[0.642s] -- Installing: /home/kiranraj/cartesian_impedance_control_ws/install/franka_description/share/franka_description/environment/ament_prefix_path.dsv
[0.642s] -- Installing: /home/kiranraj/cartesian_impedance_control_ws/install/franka_description/share/franka_description/environment/path.sh
[0.642s] -- Installing: /home/kiranraj/cartesian_impedance_control_ws/install/franka_description/share/franka_description/environment/path.dsv
[0.642s] -- Installing: /home/kiranraj/cartesian_impedance_control_ws/install/franka_description/share/franka_description/local_setup.bash
[0.642s] -- Installing: /home/kiranraj/cartesian_impedance_control_ws/install/franka_description/share/franka_description/local_setup.sh
[0.642s] -- Installing: /home/kiranraj/cartesian_impedance_control_ws/install/franka_description/share/franka_description/local_setup.zsh
[0.642s] -- Installing: /home/kiranraj/cartesian_impedance_control_ws/install/franka_description/share/franka_description/local_setup.dsv
[0.642s] -- Installing: /home/kiranraj/cartesian_impedance_control_ws/install/franka_description/share/franka_description/package.dsv
[0.642s] -- Installing: /home/kiranraj/cartesian_impedance_control_ws/install/franka_description/share/ament_index/resource_index/packages/franka_description
[0.642s] -- Installing: /home/kiranraj/cartesian_impedance_control_ws/install/franka_description/share/franka_description/cmake/franka_descriptionConfig.cmake
[0.642s] -- Installing: /home/kiranraj/cartesian_impedance_control_ws/install/franka_description/share/franka_description/cmake/franka_descriptionConfig-version.cmake
[0.642s] -- Installing: /home/kiranraj/cartesian_impedance_control_ws/install/franka_description/share/franka_description/package.xml
[0.644s] Invoked command in '/home/kiranraj/cartesian_impedance_control_ws/build/franka_description' returned '0': CMAKE_PREFIX_PATH=${CMAKE_PREFIX_PATH}:/opt/ros/humble /usr/bin/cmake --install /home/kiranraj/cartesian_impedance_control_ws/build/franka_description
