[0.008s] Invoking command in '/home/kiranraj/cartesian_impedance_control_ws/build/franka_cartesian_impedance_controller': CMAKE_PREFIX_PATH=${CMAKE_PREFIX_PATH}:/opt/ros/humble /usr/bin/cmake --build /home/kiranraj/cartesian_impedance_control_ws/build/franka_cartesian_impedance_controller -- -j16 -l16
[0.042s] Invoked command in '/home/kiranraj/cartesian_impedance_control_ws/build/franka_cartesian_impedance_controller' returned '0': CMAKE_PREFIX_PATH=${CMAKE_PREFIX_PATH}:/opt/ros/humble /usr/bin/cmake --build /home/kiranraj/cartesian_impedance_control_ws/build/franka_cartesian_impedance_controller -- -j16 -l16
[0.044s] Invoking command in '/home/kiranraj/cartesian_impedance_control_ws/build/franka_cartesian_impedance_controller': CMAKE_PREFIX_PATH=${CMAKE_PREFIX_PATH}:/opt/ros/humble /usr/bin/cmake --install /home/kiranraj/cartesian_impedance_control_ws/build/franka_cartesian_impedance_controller
[0.052s] -- Install configuration: ""
[0.052s] -- Up-to-date: /home/kiranraj/cartesian_impedance_control_ws/install/franka_cartesian_impedance_controller/share/ament_index/resource_index/package_run_dependencies/franka_cartesian_impedance_controller
[0.053s] -- Up-to-date: /home/kiranraj/cartesian_impedance_control_ws/install/franka_cartesian_impedance_controller/share/ament_index/resource_index/parent_prefix_path/franka_cartesian_impedance_controller
[0.053s] -- Up-to-date: /home/kiranraj/cartesian_impedance_control_ws/install/franka_cartesian_impedance_controller/share/franka_cartesian_impedance_controller/environment/ament_prefix_path.sh
[0.053s] -- Up-to-date: /home/kiranraj/cartesian_impedance_control_ws/install/franka_cartesian_impedance_controller/share/franka_cartesian_impedance_controller/environment/ament_prefix_path.dsv
[0.053s] -- Up-to-date: /home/kiranraj/cartesian_impedance_control_ws/install/franka_cartesian_impedance_controller/share/franka_cartesian_impedance_controller/environment/path.sh
[0.053s] -- Up-to-date: /home/kiranraj/cartesian_impedance_control_ws/install/franka_cartesian_impedance_controller/share/franka_cartesian_impedance_controller/environment/path.dsv
[0.053s] -- Up-to-date: /home/kiranraj/cartesian_impedance_control_ws/install/franka_cartesian_impedance_controller/share/franka_cartesian_impedance_controller/local_setup.bash
[0.053s] -- Up-to-date: /home/kiranraj/cartesian_impedance_control_ws/install/franka_cartesian_impedance_controller/share/franka_cartesian_impedance_controller/local_setup.sh
[0.053s] -- Up-to-date: /home/kiranraj/cartesian_impedance_control_ws/install/franka_cartesian_impedance_controller/share/franka_cartesian_impedance_controller/local_setup.zsh
[0.053s] -- Up-to-date: /home/kiranraj/cartesian_impedance_control_ws/install/franka_cartesian_impedance_controller/share/franka_cartesian_impedance_controller/local_setup.dsv
[0.053s] -- Installing: /home/kiranraj/cartesian_impedance_control_ws/install/franka_cartesian_impedance_controller/share/franka_cartesian_impedance_controller/package.dsv
[0.053s] -- Up-to-date: /home/kiranraj/cartesian_impedance_control_ws/install/franka_cartesian_impedance_controller/share/ament_index/resource_index/packages/franka_cartesian_impedance_controller
[0.053s] -- Up-to-date: /home/kiranraj/cartesian_impedance_control_ws/install/franka_cartesian_impedance_controller/share/franka_cartesian_impedance_controller/cmake/franka_cartesian_impedance_controllerConfig.cmake
[0.053s] -- Up-to-date: /home/kiranraj/cartesian_impedance_control_ws/install/franka_cartesian_impedance_controller/share/franka_cartesian_impedance_controller/cmake/franka_cartesian_impedance_controllerConfig-version.cmake
[0.053s] -- Up-to-date: /home/kiranraj/cartesian_impedance_control_ws/install/franka_cartesian_impedance_controller/share/franka_cartesian_impedance_controller/package.xml
[0.064s] Invoked command in '/home/kiranraj/cartesian_impedance_control_ws/build/franka_cartesian_impedance_controller' returned '0': CMAKE_PREFIX_PATH=${CMAKE_PREFIX_PATH}:/opt/ros/humble /usr/bin/cmake --install /home/kiranraj/cartesian_impedance_control_ws/build/franka_cartesian_impedance_controller
