-- Install configuration: ""
-- Up-to-date: /home/kiranraj/cartesian_impedance_control_ws/install/franka_description/share/franka_description//launch
-- Up-to-date: /home/kiranraj/cartesian_impedance_control_ws/install/franka_description/share/franka_description//launch/rviz.launch.py
-- Up-to-date: /home/kiranraj/cartesian_impedance_control_ws/install/franka_description/share/franka_description//robots
-- Up-to-date: /home/kiranraj/cartesian_impedance_control_ws/install/franka_description/share/franka_description//robots/fr3
-- Up-to-date: /home/kiranraj/cartesian_impedance_control_ws/install/franka_description/share/franka_description//robots/fr3/inertials.yaml
-- Up-to-date: /home/kiranraj/cartesian_impedance_control_ws/install/franka_description/share/franka_description//robots/fr3/fr3.urdf.xacro
-- Up-to-date: /home/kiranraj/cartesian_impedance_control_ws/install/franka_description/share/franka_description//robots/fr3/joint_limits.yaml
-- Up-to-date: /home/kiranraj/cartesian_impedance_control_ws/install/franka_description/share/franka_description//robots/fr3/kinematics.yaml
-- Up-to-date: /home/kiranraj/cartesian_impedance_control_ws/install/franka_description/share/franka_description//robots/fr3/dynamics.yaml
-- Up-to-date: /home/kiranraj/cartesian_impedance_control_ws/install/franka_description/share/franka_description//robots/fer
-- Up-to-date: /home/kiranraj/cartesian_impedance_control_ws/install/franka_description/share/franka_description//robots/fer/inertials.yaml
-- Up-to-date: /home/kiranraj/cartesian_impedance_control_ws/install/franka_description/share/franka_description//robots/fer/fer.urdf.xacro
-- Up-to-date: /home/kiranraj/cartesian_impedance_control_ws/install/franka_description/share/franka_description//robots/fer/joint_limits.yaml
-- Up-to-date: /home/kiranraj/cartesian_impedance_control_ws/install/franka_description/share/franka_description//robots/fer/kinematics.yaml
-- Up-to-date: /home/kiranraj/cartesian_impedance_control_ws/install/franka_description/share/franka_description//robots/fer/dynamics.yaml
-- Up-to-date: /home/kiranraj/cartesian_impedance_control_ws/install/franka_description/share/franka_description//robots/fp3
-- Up-to-date: /home/kiranraj/cartesian_impedance_control_ws/install/franka_description/share/franka_description//robots/fp3/inertials.yaml
-- Up-to-date: /home/kiranraj/cartesian_impedance_control_ws/install/franka_description/share/franka_description//robots/fp3/joint_limits.yaml
-- Up-to-date: /home/kiranraj/cartesian_impedance_control_ws/install/franka_description/share/franka_description//robots/fp3/kinematics.yaml
-- Up-to-date: /home/kiranraj/cartesian_impedance_control_ws/install/franka_description/share/franka_description//robots/fp3/fp3.urdf.xacro
-- Up-to-date: /home/kiranraj/cartesian_impedance_control_ws/install/franka_description/share/franka_description//robots/fp3/dynamics.yaml
-- Up-to-date: /home/kiranraj/cartesian_impedance_control_ws/install/franka_description/share/franka_description//robots/common
-- Up-to-date: /home/kiranraj/cartesian_impedance_control_ws/install/franka_description/share/franka_description//robots/common/utils.xacro
-- Up-to-date: /home/kiranraj/cartesian_impedance_control_ws/install/franka_description/share/franka_description//robots/common/franka_arm.ros2_control.xacro
-- Up-to-date: /home/kiranraj/cartesian_impedance_control_ws/install/franka_description/share/franka_description//robots/common/franka_arm.xacro
-- Up-to-date: /home/kiranraj/cartesian_impedance_control_ws/install/franka_description/share/franka_description//robots/common/franka_robot.xacro
-- Up-to-date: /home/kiranraj/cartesian_impedance_control_ws/install/franka_description/share/franka_description//robots/multi_arm
-- Up-to-date: /home/kiranraj/cartesian_impedance_control_ws/install/franka_description/share/franka_description//robots/multi_arm/multi_arm.urdf.xacro
-- Up-to-date: /home/kiranraj/cartesian_impedance_control_ws/install/franka_description/share/franka_description//end_effectors
-- Up-to-date: /home/kiranraj/cartesian_impedance_control_ws/install/franka_description/share/franka_description//end_effectors/franka_hand
-- Up-to-date: /home/kiranraj/cartesian_impedance_control_ws/install/franka_description/share/franka_description//end_effectors/franka_hand/inertials.yaml
-- Up-to-date: /home/kiranraj/cartesian_impedance_control_ws/install/franka_description/share/franka_description//end_effectors/franka_hand/franka_hand_arguments.xacro
-- Up-to-date: /home/kiranraj/cartesian_impedance_control_ws/install/franka_description/share/franka_description//end_effectors/franka_hand/franka_hand.urdf.xacro
-- Up-to-date: /home/kiranraj/cartesian_impedance_control_ws/install/franka_description/share/franka_description//end_effectors/common
-- Up-to-date: /home/kiranraj/cartesian_impedance_control_ws/install/franka_description/share/franka_description//end_effectors/common/utils.xacro
-- Up-to-date: /home/kiranraj/cartesian_impedance_control_ws/install/franka_description/share/franka_description//end_effectors/common/ee_with_one_link.xacro
-- Up-to-date: /home/kiranraj/cartesian_impedance_control_ws/install/franka_description/share/franka_description//end_effectors/common/franka_hand.xacro
-- Up-to-date: /home/kiranraj/cartesian_impedance_control_ws/install/franka_description/share/franka_description//end_effectors/cobot_pump
-- Up-to-date: /home/kiranraj/cartesian_impedance_control_ws/install/franka_description/share/franka_description//end_effectors/cobot_pump/inertials.yaml
-- Up-to-date: /home/kiranraj/cartesian_impedance_control_ws/install/franka_description/share/franka_description//end_effectors/cobot_pump/cobot_pump.urdf.xacro
-- Up-to-date: /home/kiranraj/cartesian_impedance_control_ws/install/franka_description/share/franka_description//end_effectors/cobot_pump/cobot_pump_arguments.xacro
-- Up-to-date: /home/kiranraj/cartesian_impedance_control_ws/install/franka_description/share/franka_description//meshes
-- Up-to-date: /home/kiranraj/cartesian_impedance_control_ws/install/franka_description/share/franka_description//meshes/robot_ee
-- Up-to-date: /home/kiranraj/cartesian_impedance_control_ws/install/franka_description/share/franka_description//meshes/robot_ee/franka_hand_black
-- Up-to-date: /home/kiranraj/cartesian_impedance_control_ws/install/franka_description/share/franka_description//meshes/robot_ee/franka_hand_black/collision
-- Up-to-date: /home/kiranraj/cartesian_impedance_control_ws/install/franka_description/share/franka_description//meshes/robot_ee/franka_hand_black/collision/hand.stl
-- Up-to-date: /home/kiranraj/cartesian_impedance_control_ws/install/franka_description/share/franka_description//meshes/robot_ee/franka_hand_black/visual
-- Up-to-date: /home/kiranraj/cartesian_impedance_control_ws/install/franka_description/share/franka_description//meshes/robot_ee/franka_hand_black/visual/finger.dae
-- Up-to-date: /home/kiranraj/cartesian_impedance_control_ws/install/franka_description/share/franka_description//meshes/robot_ee/franka_hand_black/visual/hand.dae
-- Up-to-date: /home/kiranraj/cartesian_impedance_control_ws/install/franka_description/share/franka_description//meshes/robot_ee/cobot_pump
-- Up-to-date: /home/kiranraj/cartesian_impedance_control_ws/install/franka_description/share/franka_description//meshes/robot_ee/cobot_pump/collision
-- Up-to-date: /home/kiranraj/cartesian_impedance_control_ws/install/franka_description/share/franka_description//meshes/robot_ee/cobot_pump/collision/cobot_pump.stl
-- Up-to-date: /home/kiranraj/cartesian_impedance_control_ws/install/franka_description/share/franka_description//meshes/robot_ee/cobot_pump/visual
-- Up-to-date: /home/kiranraj/cartesian_impedance_control_ws/install/franka_description/share/franka_description//meshes/robot_ee/cobot_pump/visual/cobot_pump.dae
-- Up-to-date: /home/kiranraj/cartesian_impedance_control_ws/install/franka_description/share/franka_description//meshes/robot_ee/franka_hand_white
-- Up-to-date: /home/kiranraj/cartesian_impedance_control_ws/install/franka_description/share/franka_description//meshes/robot_ee/franka_hand_white/collision
-- Up-to-date: /home/kiranraj/cartesian_impedance_control_ws/install/franka_description/share/franka_description//meshes/robot_ee/franka_hand_white/collision/hand.stl
-- Up-to-date: /home/kiranraj/cartesian_impedance_control_ws/install/franka_description/share/franka_description//meshes/robot_ee/franka_hand_white/visual
-- Up-to-date: /home/kiranraj/cartesian_impedance_control_ws/install/franka_description/share/franka_description//meshes/robot_ee/franka_hand_white/visual/finger.dae
-- Up-to-date: /home/kiranraj/cartesian_impedance_control_ws/install/franka_description/share/franka_description//meshes/robot_ee/franka_hand_white/visual/hand.dae
-- Up-to-date: /home/kiranraj/cartesian_impedance_control_ws/install/franka_description/share/franka_description//meshes/robot_arms
-- Up-to-date: /home/kiranraj/cartesian_impedance_control_ws/install/franka_description/share/franka_description//meshes/robot_arms/fr3
-- Up-to-date: /home/kiranraj/cartesian_impedance_control_ws/install/franka_description/share/franka_description//meshes/robot_arms/fr3/collision
-- Up-to-date: /home/kiranraj/cartesian_impedance_control_ws/install/franka_description/share/franka_description//meshes/robot_arms/fr3/collision/link5.stl
-- Up-to-date: /home/kiranraj/cartesian_impedance_control_ws/install/franka_description/share/franka_description//meshes/robot_arms/fr3/collision/link1.stl
-- Up-to-date: /home/kiranraj/cartesian_impedance_control_ws/install/franka_description/share/franka_description//meshes/robot_arms/fr3/collision/link6.stl
-- Up-to-date: /home/kiranraj/cartesian_impedance_control_ws/install/franka_description/share/franka_description//meshes/robot_arms/fr3/collision/link0.stl
-- Up-to-date: /home/kiranraj/cartesian_impedance_control_ws/install/franka_description/share/franka_description//meshes/robot_arms/fr3/collision/link2.stl
-- Up-to-date: /home/kiranraj/cartesian_impedance_control_ws/install/franka_description/share/franka_description//meshes/robot_arms/fr3/collision/link3.stl
-- Up-to-date: /home/kiranraj/cartesian_impedance_control_ws/install/franka_description/share/franka_description//meshes/robot_arms/fr3/collision/link7.stl
-- Up-to-date: /home/kiranraj/cartesian_impedance_control_ws/install/franka_description/share/franka_description//meshes/robot_arms/fr3/collision/link4.stl
-- Up-to-date: /home/kiranraj/cartesian_impedance_control_ws/install/franka_description/share/franka_description//meshes/robot_arms/fr3/visual
-- Up-to-date: /home/kiranraj/cartesian_impedance_control_ws/install/franka_description/share/franka_description//meshes/robot_arms/fr3/visual/link1.dae
-- Up-to-date: /home/kiranraj/cartesian_impedance_control_ws/install/franka_description/share/franka_description//meshes/robot_arms/fr3/visual/link7.dae
-- Up-to-date: /home/kiranraj/cartesian_impedance_control_ws/install/franka_description/share/franka_description//meshes/robot_arms/fr3/visual/link3.dae
-- Up-to-date: /home/kiranraj/cartesian_impedance_control_ws/install/franka_description/share/franka_description//meshes/robot_arms/fr3/visual/link0.dae
-- Up-to-date: /home/kiranraj/cartesian_impedance_control_ws/install/franka_description/share/franka_description//meshes/robot_arms/fr3/visual/link2.dae
-- Up-to-date: /home/kiranraj/cartesian_impedance_control_ws/install/franka_description/share/franka_description//meshes/robot_arms/fr3/visual/link6.dae
-- Up-to-date: /home/kiranraj/cartesian_impedance_control_ws/install/franka_description/share/franka_description//meshes/robot_arms/fr3/visual/link5.dae
-- Up-to-date: /home/kiranraj/cartesian_impedance_control_ws/install/franka_description/share/franka_description//meshes/robot_arms/fr3/visual/link4.dae
-- Up-to-date: /home/kiranraj/cartesian_impedance_control_ws/install/franka_description/share/franka_description//meshes/robot_arms/fer
-- Up-to-date: /home/kiranraj/cartesian_impedance_control_ws/install/franka_description/share/franka_description//meshes/robot_arms/fer/collision
-- Up-to-date: /home/kiranraj/cartesian_impedance_control_ws/install/franka_description/share/franka_description//meshes/robot_arms/fer/collision/hand.stl
-- Up-to-date: /home/kiranraj/cartesian_impedance_control_ws/install/franka_description/share/franka_description//meshes/robot_arms/fer/collision/link5.stl
-- Up-to-date: /home/kiranraj/cartesian_impedance_control_ws/install/franka_description/share/franka_description//meshes/robot_arms/fer/collision/link1.stl
-- Up-to-date: /home/kiranraj/cartesian_impedance_control_ws/install/franka_description/share/franka_description//meshes/robot_arms/fer/collision/link6.stl
-- Up-to-date: /home/kiranraj/cartesian_impedance_control_ws/install/franka_description/share/franka_description//meshes/robot_arms/fer/collision/link0.stl
-- Up-to-date: /home/kiranraj/cartesian_impedance_control_ws/install/franka_description/share/franka_description//meshes/robot_arms/fer/collision/link2.stl
-- Up-to-date: /home/kiranraj/cartesian_impedance_control_ws/install/franka_description/share/franka_description//meshes/robot_arms/fer/collision/link3.stl
-- Up-to-date: /home/kiranraj/cartesian_impedance_control_ws/install/franka_description/share/franka_description//meshes/robot_arms/fer/collision/link7.stl
-- Up-to-date: /home/kiranraj/cartesian_impedance_control_ws/install/franka_description/share/franka_description//meshes/robot_arms/fer/collision/link4.stl
-- Up-to-date: /home/kiranraj/cartesian_impedance_control_ws/install/franka_description/share/franka_description//meshes/robot_arms/fer/visual
-- Up-to-date: /home/kiranraj/cartesian_impedance_control_ws/install/franka_description/share/franka_description//meshes/robot_arms/fer/visual/link1.dae
-- Up-to-date: /home/kiranraj/cartesian_impedance_control_ws/install/franka_description/share/franka_description//meshes/robot_arms/fer/visual/link7.dae
-- Up-to-date: /home/kiranraj/cartesian_impedance_control_ws/install/franka_description/share/franka_description//meshes/robot_arms/fer/visual/link3.dae
-- Up-to-date: /home/kiranraj/cartesian_impedance_control_ws/install/franka_description/share/franka_description//meshes/robot_arms/fer/visual/link0.dae
-- Up-to-date: /home/kiranraj/cartesian_impedance_control_ws/install/franka_description/share/franka_description//meshes/robot_arms/fer/visual/finger.dae
-- Up-to-date: /home/kiranraj/cartesian_impedance_control_ws/install/franka_description/share/franka_description//meshes/robot_arms/fer/visual/link2.dae
-- Up-to-date: /home/kiranraj/cartesian_impedance_control_ws/install/franka_description/share/franka_description//meshes/robot_arms/fer/visual/link6.dae
-- Up-to-date: /home/kiranraj/cartesian_impedance_control_ws/install/franka_description/share/franka_description//meshes/robot_arms/fer/visual/hand.dae
-- Up-to-date: /home/kiranraj/cartesian_impedance_control_ws/install/franka_description/share/franka_description//meshes/robot_arms/fer/visual/link5.dae
-- Up-to-date: /home/kiranraj/cartesian_impedance_control_ws/install/franka_description/share/franka_description//meshes/robot_arms/fer/visual/link4.dae
-- Up-to-date: /home/kiranraj/cartesian_impedance_control_ws/install/franka_description/share/franka_description//meshes/robot_arms/fp3
-- Up-to-date: /home/kiranraj/cartesian_impedance_control_ws/install/franka_description/share/franka_description//meshes/robot_arms/fp3/collision
-- Up-to-date: /home/kiranraj/cartesian_impedance_control_ws/install/franka_description/share/franka_description//meshes/robot_arms/fp3/collision/link5.stl
-- Up-to-date: /home/kiranraj/cartesian_impedance_control_ws/install/franka_description/share/franka_description//meshes/robot_arms/fp3/collision/link1.stl
-- Up-to-date: /home/kiranraj/cartesian_impedance_control_ws/install/franka_description/share/franka_description//meshes/robot_arms/fp3/collision/link6.stl
-- Up-to-date: /home/kiranraj/cartesian_impedance_control_ws/install/franka_description/share/franka_description//meshes/robot_arms/fp3/collision/link0.stl
-- Up-to-date: /home/kiranraj/cartesian_impedance_control_ws/install/franka_description/share/franka_description//meshes/robot_arms/fp3/collision/link2.stl
-- Up-to-date: /home/kiranraj/cartesian_impedance_control_ws/install/franka_description/share/franka_description//meshes/robot_arms/fp3/collision/link3.stl
-- Up-to-date: /home/kiranraj/cartesian_impedance_control_ws/install/franka_description/share/franka_description//meshes/robot_arms/fp3/collision/link7.stl
-- Up-to-date: /home/kiranraj/cartesian_impedance_control_ws/install/franka_description/share/franka_description//meshes/robot_arms/fp3/collision/link4.stl
-- Up-to-date: /home/kiranraj/cartesian_impedance_control_ws/install/franka_description/share/franka_description//meshes/robot_arms/fp3/visual
-- Up-to-date: /home/kiranraj/cartesian_impedance_control_ws/install/franka_description/share/franka_description//meshes/robot_arms/fp3/visual/link1.dae
-- Up-to-date: /home/kiranraj/cartesian_impedance_control_ws/install/franka_description/share/franka_description//meshes/robot_arms/fp3/visual/link7.dae
-- Up-to-date: /home/kiranraj/cartesian_impedance_control_ws/install/franka_description/share/franka_description//meshes/robot_arms/fp3/visual/link3.dae
-- Up-to-date: /home/kiranraj/cartesian_impedance_control_ws/install/franka_description/share/franka_description//meshes/robot_arms/fp3/visual/link0.dae
-- Up-to-date: /home/kiranraj/cartesian_impedance_control_ws/install/franka_description/share/franka_description//meshes/robot_arms/fp3/visual/link2.dae
-- Up-to-date: /home/kiranraj/cartesian_impedance_control_ws/install/franka_description/share/franka_description//meshes/robot_arms/fp3/visual/link6.dae
-- Up-to-date: /home/kiranraj/cartesian_impedance_control_ws/install/franka_description/share/franka_description//meshes/robot_arms/fp3/visual/link5.dae
-- Up-to-date: /home/kiranraj/cartesian_impedance_control_ws/install/franka_description/share/franka_description//meshes/robot_arms/fp3/visual/link4.dae
-- Up-to-date: /home/kiranraj/cartesian_impedance_control_ws/install/franka_description/share/ament_index/resource_index/package_run_dependencies/franka_description
-- Up-to-date: /home/kiranraj/cartesian_impedance_control_ws/install/franka_description/share/ament_index/resource_index/parent_prefix_path/franka_description
-- Up-to-date: /home/kiranraj/cartesian_impedance_control_ws/install/franka_description/share/franka_description/environment/ament_prefix_path.sh
-- Up-to-date: /home/kiranraj/cartesian_impedance_control_ws/install/franka_description/share/franka_description/environment/ament_prefix_path.dsv
-- Up-to-date: /home/kiranraj/cartesian_impedance_control_ws/install/franka_description/share/franka_description/environment/path.sh
-- Up-to-date: /home/kiranraj/cartesian_impedance_control_ws/install/franka_description/share/franka_description/environment/path.dsv
-- Up-to-date: /home/kiranraj/cartesian_impedance_control_ws/install/franka_description/share/franka_description/local_setup.bash
-- Up-to-date: /home/kiranraj/cartesian_impedance_control_ws/install/franka_description/share/franka_description/local_setup.sh
-- Up-to-date: /home/kiranraj/cartesian_impedance_control_ws/install/franka_description/share/franka_description/local_setup.zsh
-- Up-to-date: /home/kiranraj/cartesian_impedance_control_ws/install/franka_description/share/franka_description/local_setup.dsv
-- Installing: /home/kiranraj/cartesian_impedance_control_ws/install/franka_description/share/franka_description/package.dsv
-- Up-to-date: /home/kiranraj/cartesian_impedance_control_ws/install/franka_description/share/ament_index/resource_index/packages/franka_description
-- Up-to-date: /home/kiranraj/cartesian_impedance_control_ws/install/franka_description/share/franka_description/cmake/franka_descriptionConfig.cmake
-- Up-to-date: /home/kiranraj/cartesian_impedance_control_ws/install/franka_description/share/franka_description/cmake/franka_descriptionConfig-version.cmake
-- Up-to-date: /home/kiranraj/cartesian_impedance_control_ws/install/franka_description/share/franka_description/package.xml
